[12-08 00:04:39]: [INFO] Created column 'regdate' and set the current timestamp, 1544198679317, to all 0 rows
[12-08 00:04:39]: [INFO] SQLite Setup finished
[12-08 00:04:39]: [INFO] Hooked into LuckPerms!
[12-08 00:04:40]: [INFO] Hooked successfully into Essentials
[12-08 00:04:40]: [INFO] Essentials spawn file not found: 'C:\Users\TehporP\Desktop\server\plugins\Essentials\spawn.yml'
[12-08 00:04:40]: [WARN] WARNING! The protectInventory feature requires ProtocolLib! Disabling it...
[12-08 00:04:41]: [INFO] Development builds are available on our jenkins, thanks to f14stelt.
[12-08 00:04:41]: [INFO] Do you want a good game server? Look at our sponsor GameHosting.it leader in Italy as Game Server Provider!
[12-08 00:04:41]: [INFO] AuthMe 5.4.0 build n.1877 correctly enabled!
[12-08 00:06:51]: [INFO] AuthMe 5.4.0-b1877 disabled!
[12-08 00:09:17]: [INFO] SQLite Setup finished
[12-08 00:09:17]: [INFO] Hooked into LuckPerms!
[12-08 00:09:18]: [INFO] [LICENSE] This product uses data from the GeoLite API created by MaxMind, available at http://www.maxmind.com
[12-08 00:09:18]: [INFO] Hooked successfully into Essentials
[12-08 00:09:18]: [INFO] Essentials spawn file not found: 'C:\Users\TehporP\Desktop\server\plugins\Essentials\spawn.yml'
[12-08 00:09:18]: [WARN] WARNING! The protectInventory feature requires ProtocolLib! Disabling it...
[12-08 00:09:18]: [INFO] Development builds are available on our jenkins, thanks to f14stelt.
[12-08 00:09:18]: [INFO] Do you want a good game server? Look at our sponsor GameHosting.it leader in Italy as Game Server Provider!
[12-08 00:09:18]: [INFO] AuthMe 5.4.0 build n.1877 correctly enabled!
[12-08 00:14:34]: [FINE] tester logged in!
[12-08 00:14:34]: [FINE] tester registered 127.0.0.1
[12-09 18:17:46]: [INFO] SQLite Setup finished
[12-09 18:17:47]: [INFO] Hooked into LuckPerms!
[12-09 18:17:47]: [INFO] [LICENSE] This product uses data from the GeoLite API created by MaxMind, available at http://www.maxmind.com
[12-09 18:17:47]: [INFO] Hooked successfully into Essentials
[12-09 18:17:47]: [INFO] Essentials spawn file not found: 'C:\Users\TehporP\Desktop\server\plugins\Essentials\spawn.yml'
[12-09 18:17:48]: [WARN] WARNING! The protectInventory feature requires ProtocolLib! Disabling it...
[12-09 18:17:48]: [INFO] Development builds are available on our jenkins, thanks to f14stelt.
[12-09 18:17:48]: [INFO] Do you want a good game server? Look at our sponsor GameHosting.it leader in Italy as Game Server Provider!
[12-09 18:17:48]: [INFO] AuthMe 5.4.0 build n.1877 correctly enabled!
[12-09 18:29:01]: [INFO] SQLite Setup finished
[12-09 18:29:01]: [INFO] Hooked into LuckPerms!
[12-09 18:29:01]: [INFO] [LICENSE] This product uses data from the GeoLite API created by MaxMind, available at http://www.maxmind.com
[12-09 18:29:02]: [INFO] Hooked successfully into Essentials
[12-09 18:29:02]: [INFO] Essentials spawn file not found: 'C:\Users\TehporP\Desktop\server\plugins\Essentials\spawn.yml'
[12-09 18:29:02]: [WARN] WARNING! The protectInventory feature requires ProtocolLib! Disabling it...
[12-09 18:29:03]: [INFO] Development builds are available on our jenkins, thanks to f14stelt.
[12-09 18:29:03]: [INFO] Do you want a good game server? Look at our sponsor GameHosting.it leader in Italy as Game Server Provider!
[12-09 18:29:03]: [INFO] AuthMe 5.4.0 build n.1877 correctly enabled!
[12-09 18:32:13]: [INFO] Unhooked from Permissions!
[12-09 18:32:13]: [INFO] Hooked into LuckPerms!
[12-09 18:32:13]: [INFO] SQLite Setup finished
[12-09 18:32:13]: [INFO] Essentials spawn file not found: 'C:\Users\TehporP\Desktop\server\plugins\Essentials\spawn.yml'
[12-09 18:32:13]: [WARN] WARNING! The protectInventory feature requires ProtocolLib! Disabling it...
[12-09 18:37:36]: [FINE] tester used the wrong password
[12-09 18:37:59]: [FINE] tester logged in!
[12-09 18:54:28]: [INFO] SQLite Setup finished
[12-09 18:54:29]: [INFO] Hooked into LuckPerms!
[12-09 18:54:29]: [INFO] Hooked successfully into Essentials
[12-09 18:54:29]: [INFO] Essentials spawn file not found: 'C:\Users\TehporP\Desktop\server\plugins\Essentials\spawn.yml'
[12-09 18:54:29]: [INFO] [LICENSE] This product uses data from the GeoLite API created by MaxMind, available at http://www.maxmind.com
[12-09 18:54:30]: [WARN] WARNING! The protectInventory feature requires ProtocolLib! Disabling it...
[12-09 18:54:30]: [INFO] Development builds are available on our jenkins, thanks to f14stelt.
[12-09 18:54:30]: [INFO] Do you want a good game server? Look at our sponsor GameHosting.it leader in Italy as Game Server Provider!
[12-09 18:54:30]: [INFO] AuthMe 5.4.0 build n.1877 correctly enabled!
[12-09 18:55:49]: [FINE] tester logged in!
[12-09 18:57:10]: [FINE] tester logged in!
[12-09 19:47:01]: [INFO] AuthMe 5.4.0-b1877 disabled!
